<?xml version="1.0" encoding="UTF-8"?>
<!-- Generated by org.testng.reporters.JUnitReportReporter -->
<testsuite hostname="manan" failures="0" tests="1" name="com.automation.BaseUrlTest" time="9.034" errors="0" timestamp="2024-02-13T19:39:48 BDT" skipped="0">
  <testcase classname="com.automation.BaseUrlTest" name="OpenUrl" time="9.034"/>
</testsuite> <!-- com.automation.BaseUrlTest -->
