<?xml version="1.0" encoding="UTF-8"?>
<!-- Generated by org.testng.reporters.JUnitReportReporter -->
<testsuite hostname="manan" failures="0" tests="1" name="com.automation.TestBooksByWriter" time="12.985" errors="0" timestamp="2024-02-15T03:13:22 BDT" skipped="0">
  <testcase classname="com.automation.TestBooksByWriter" name="SelectWritter" time="12.985"/>
</testsuite> <!-- com.automation.TestBooksByWriter -->
