<?xml version="1.0" encoding="UTF-8"?>
<!-- Generated by org.testng.reporters.JUnitReportReporter -->
<testsuite hostname="manan" failures="0" tests="1" name="com.automation.TestBooksByWritter" time="14.203" errors="0" timestamp="2024-02-15T03:03:19 BDT" skipped="0">
  <testcase classname="com.automation.TestBooksByWritter" name="SelectWritter" time="14.203"/>
</testsuite> <!-- com.automation.TestBooksByWritter -->
