<?xml version="1.0" encoding="UTF-8"?>
<!-- Generated by org.testng.reporters.JUnitReportReporter -->
<testsuite hostname="manan" failures="0" tests="1" name="com.automation.SelectBooksByCategory" time="12.993" errors="0" timestamp="2024-02-15T03:32:34 BDT" skipped="0">
  <testcase classname="com.automation.SelectBooksByCategory" name="SelectCategory" time="12.993"/>
</testsuite> <!-- com.automation.SelectBooksByCategory -->
