<?xml version="1.0" encoding="UTF-8"?>
<!-- Generated by org.testng.reporters.JUnitReportReporter -->
<testsuite hostname="manan" failures="0" tests="1" name="com.automation.SignInTest" time="18.076" errors="0" timestamp="2024-02-14T03:00:37 BDT" skipped="0">
  <testcase classname="com.automation.SignInTest" name="OpenUrl" time="18.076"/>
</testsuite> <!-- com.automation.SignInTest -->
