<?xml version="1.0" encoding="UTF-8"?>
<!-- Generated by org.testng.reporters.JUnitReportReporter -->
<testsuite hostname="manan" failures="0" tests="1" name="com.automation.BooksByWritter" time="16.685" errors="0" timestamp="2024-02-15T03:01:13 BDT" skipped="0">
  <testcase classname="com.automation.BooksByWritter" name="SelectWritter" time="16.685"/>
</testsuite> <!-- com.automation.BooksByWritter -->
