<?xml version="1.0" encoding="UTF-8"?>
<!-- Generated by org.testng.reporters.JUnitReportReporter -->
<testsuite hostname="manan" failures="0" tests="1" name="com.automation.BaseUrlTest" time="18.299" errors="0" timestamp="2024-02-14T00:28:40 BDT" skipped="0">
  <testcase classname="com.automation.BaseUrlTest" name="OpenUrl" time="18.299"/>
</testsuite> <!-- com.automation.BaseUrlTest -->
